Determining if the pthread_create exist failed with the following output:
Change Dir: /home/user/git/ActiveMqCppTraining/cmake-build-debug/CMakeFiles/CMakeTmp

Run Build Command:"/usr/bin/gmake" "cmTC_a1147/fast"
/usr/bin/gmake -f CMakeFiles/cmTC_a1147.dir/build.make CMakeFiles/cmTC_a1147.dir/build
gmake[1]: Entering directory '/home/user/git/ActiveMqCppTraining/cmake-build-debug/CMakeFiles/CMakeTmp'
Building C object CMakeFiles/cmTC_a1147.dir/CheckSymbolExists.c.o
/usr/bin/gcc     -o CMakeFiles/cmTC_a1147.dir/CheckSymbolExists.c.o   -c /home/user/git/ActiveMqCppTraining/cmake-build-debug/CMakeFiles/CMakeTmp/CheckSymbolExists.c
Linking C executable cmTC_a1147
/home/user/Downloads/clion-2017.1/bin/cmake/bin/cmake -E cmake_link_script CMakeFiles/cmTC_a1147.dir/link.txt --verbose=1
/usr/bin/gcc       CMakeFiles/cmTC_a1147.dir/CheckSymbolExists.c.o  -o cmTC_a1147 -rdynamic 
CMakeFiles/cmTC_a1147.dir/CheckSymbolExists.c.o: In function `main':
CheckSymbolExists.c:(.text+0x16): undefined reference to `pthread_create'
collect2: error: ld returned 1 exit status
CMakeFiles/cmTC_a1147.dir/build.make:97: recipe for target 'cmTC_a1147' failed
gmake[1]: *** [cmTC_a1147] Error 1
gmake[1]: Leaving directory '/home/user/git/ActiveMqCppTraining/cmake-build-debug/CMakeFiles/CMakeTmp'
Makefile:126: recipe for target 'cmTC_a1147/fast' failed
gmake: *** [cmTC_a1147/fast] Error 2

File /home/user/git/ActiveMqCppTraining/cmake-build-debug/CMakeFiles/CMakeTmp/CheckSymbolExists.c:
/* */
#include <pthread.h>

int main(int argc, char** argv)
{
  (void)argv;
#ifndef pthread_create
  return ((int*)(&pthread_create))[argc];
#else
  (void)argc;
  return 0;
#endif
}

